<?xml version="1.0" encoding="UTF-8"?>
<robot generator="Robot 7.1.1 (Python 3.12.2 on win32)" generated="2024-11-25T00:04:45.285235" rpa="false" schemaversion="5">
<suite id="s1" name="Bugbank Testes" source="E:\Senhasegura\Desafio_bugbank\bugbank_testes.robot">
<test id="s1-t1" name="Caso de Teste 01 - Login sem sucesso" line="12">
<kw name="Abrir o navegador" owner="keywords" type="SETUP">
<kw name="Open Browser" owner="SeleniumLibrary">
<msg time="2024-11-25T00:04:45.485418" level="INFO">Opening browser 'firefox' to base url 'None'.</msg>
<arg>browser=firefox</arg>
<doc>Opens a new browser instance to the optional ``url``.</doc>
<status status="PASS" start="2024-11-25T00:04:45.485418" elapsed="5.224307"/>
</kw>
<status status="PASS" start="2024-11-25T00:04:45.484418" elapsed="5.225307"/>
</kw>
<kw name="Acessar a home page do site" owner="keywords">
<kw name="Go To" owner="SeleniumLibrary">
<msg time="2024-11-25T00:04:50.710726" level="INFO">Opening url 'https://bugbank.netlify.app/home'</msg>
<arg>url=${URL}</arg>
<doc>Navigates the current browser window to the provided ``url``.</doc>
<status status="PASS" start="2024-11-25T00:04:50.709725" elapsed="1.461058"/>
</kw>
<kw name="Maximize Browser Window" owner="SeleniumLibrary">
<doc>Maximizes current browser window.</doc>
<status status="PASS" start="2024-11-25T00:04:52.170783" elapsed="0.259236"/>
</kw>
<kw name="Wait Until Element Is Visible" owner="SeleniumLibrary">
<arg>locator=${LOGO_Bugbank}</arg>
<doc>Waits until the element ``locator`` is visible.</doc>
<status status="PASS" start="2024-11-25T00:04:52.430019" elapsed="0.013011"/>
</kw>
<status status="PASS" start="2024-11-25T00:04:50.709725" elapsed="1.733305"/>
</kw>
<kw name="preenche email" owner="keywords">
<kw name="Input Text" owner="SeleniumLibrary">
<msg time="2024-11-25T00:04:52.443030" level="INFO">Typing text 'teste@hotmail.com' into text field '(//input[contains(@type,'email')])[1]'.</msg>
<arg>locator=${campo_Email}</arg>
<arg>text=${email}</arg>
<doc>Types the given ``text`` into the text field identified by ``locator``.</doc>
<status status="PASS" start="2024-11-25T00:04:52.443030" elapsed="0.032029"/>
</kw>
<status status="PASS" start="2024-11-25T00:04:52.443030" elapsed="0.032029"/>
</kw>
<kw name="preenche senha errada" owner="keywords">
<kw name="Input Password" owner="SeleniumLibrary">
<msg time="2024-11-25T00:04:52.475059" level="INFO">Typing password into text field '(//input[contains(@type,'password')])[1]'.</msg>
<msg time="2024-11-25T00:04:52.478062" level="INFO">Temporally setting log level to: NONE</msg>
<arg>locator=${campo_Senha}</arg>
<arg>password=${senha_errada}</arg>
<doc>Types the given password into the text field identified by ``locator``.</doc>
<status status="PASS" start="2024-11-25T00:04:52.475059" elapsed="0.013014"/>
</kw>
<status status="PASS" start="2024-11-25T00:04:52.475059" elapsed="0.013014"/>
</kw>
<kw name="clica botao Acessar" owner="keywords">
<kw name="Click Button" owner="SeleniumLibrary">
<msg time="2024-11-25T00:04:52.488073" level="INFO">Clicking button '//button[@type='submit'][contains(.,'Acessar')]'.</msg>
<arg>locator=${botao_Acessar}</arg>
<doc>Clicks the button identified by ``locator``.</doc>
<status status="PASS" start="2024-11-25T00:04:52.488073" elapsed="0.221200"/>
</kw>
<status status="PASS" start="2024-11-25T00:04:52.488073" elapsed="0.221200"/>
</kw>
<kw name="Verifica se aviso senha invalida aparece" owner="keywords">
<kw name="Wait Until Element Is Enabled" owner="SeleniumLibrary">
<arg>locator=${aviso_usuario_invalido}</arg>
<doc>Waits until the element ``locator`` is enabled.</doc>
<status status="PASS" start="2024-11-25T00:04:52.710274" elapsed="0.006006"/>
</kw>
<status status="PASS" start="2024-11-25T00:04:52.710274" elapsed="0.006006"/>
</kw>
<kw name="Screenshot" owner="keywords">
<kw name="Capture Page Screenshot" owner="SeleniumLibrary">
<msg time="2024-11-25T00:04:52.751311" level="INFO" html="true">&lt;/td&gt;&lt;/tr&gt;&lt;tr&gt;&lt;td colspan="3"&gt;&lt;a href="screenshots/selenium-screenshot-3.png"&gt;&lt;img src="screenshots/selenium-screenshot-3.png" width="800px"&gt;&lt;/a&gt;</msg>
<doc>Takes a screenshot of the current page and embeds it into a log file.</doc>
<status status="PASS" start="2024-11-25T00:04:52.716280" elapsed="0.035031"/>
</kw>
<status status="PASS" start="2024-11-25T00:04:52.716280" elapsed="0.035031"/>
</kw>
<kw name="Fechar o navegador" owner="keywords">
<kw name="Close Browser" owner="SeleniumLibrary">
<doc>Closes the current browser.</doc>
<status status="PASS" start="2024-11-25T00:04:52.751311" elapsed="2.612369"/>
</kw>
<status status="PASS" start="2024-11-25T00:04:52.751311" elapsed="2.612369"/>
</kw>
<tag>login_nok</tag>
<status status="PASS" start="2024-11-25T00:04:45.484418" elapsed="9.879262"/>
</test>
<test id="s1-t2" name="Caso de Teste 03 - Login com sucesso" line="33">
<kw name="Abrir o navegador" owner="keywords" type="SETUP">
<kw name="Open Browser" owner="SeleniumLibrary">
<msg time="2024-11-25T00:04:55.364680" level="INFO">Opening browser 'firefox' to base url 'None'.</msg>
<arg>browser=firefox</arg>
<doc>Opens a new browser instance to the optional ``url``.</doc>
<status status="PASS" start="2024-11-25T00:04:55.364680" elapsed="5.000171"/>
</kw>
<status status="PASS" start="2024-11-25T00:04:55.364680" elapsed="5.001172"/>
</kw>
<kw name="Acessar a home page do site" owner="keywords">
<kw name="Go To" owner="SeleniumLibrary">
<msg time="2024-11-25T00:05:00.365852" level="INFO">Opening url 'https://bugbank.netlify.app/home'</msg>
<arg>url=${URL}</arg>
<doc>Navigates the current browser window to the provided ``url``.</doc>
<status status="PASS" start="2024-11-25T00:05:00.365852" elapsed="1.052650"/>
</kw>
<kw name="Maximize Browser Window" owner="SeleniumLibrary">
<doc>Maximizes current browser window.</doc>
<status status="PASS" start="2024-11-25T00:05:01.418502" elapsed="0.261236"/>
</kw>
<kw name="Wait Until Element Is Visible" owner="SeleniumLibrary">
<arg>locator=${LOGO_Bugbank}</arg>
<doc>Waits until the element ``locator`` is visible.</doc>
<status status="PASS" start="2024-11-25T00:05:01.679738" elapsed="0.012012"/>
</kw>
<status status="PASS" start="2024-11-25T00:05:00.365852" elapsed="1.325898"/>
</kw>
<kw name="preenche email" owner="keywords">
<kw name="Input Text" owner="SeleniumLibrary">
<msg time="2024-11-25T00:05:01.692750" level="INFO">Typing text 'teste@hotmail.com' into text field '(//input[contains(@type,'email')])[1]'.</msg>
<arg>locator=${campo_Email}</arg>
<arg>text=${email}</arg>
<doc>Types the given ``text`` into the text field identified by ``locator``.</doc>
<status status="PASS" start="2024-11-25T00:05:01.691750" elapsed="0.032028"/>
</kw>
<status status="PASS" start="2024-11-25T00:05:01.691750" elapsed="0.033030"/>
</kw>
<kw name="preenche senha" owner="keywords">
<kw name="Input Password" owner="SeleniumLibrary">
<msg time="2024-11-25T00:05:01.724780" level="INFO">Typing password into text field '(//input[contains(@type,'password')])[1]'.</msg>
<msg time="2024-11-25T00:05:01.727782" level="INFO">Temporally setting log level to: NONE</msg>
<arg>locator=${campo_Senha}</arg>
<arg>password=${senha}</arg>
<doc>Types the given password into the text field identified by ``locator``.</doc>
<status status="PASS" start="2024-11-25T00:05:01.724780" elapsed="0.013783"/>
</kw>
<status status="PASS" start="2024-11-25T00:05:01.724780" elapsed="0.013783"/>
</kw>
<kw name="clica botao Acessar" owner="keywords">
<kw name="Click Button" owner="SeleniumLibrary">
<msg time="2024-11-25T00:05:01.739564" level="INFO">Clicking button '//button[@type='submit'][contains(.,'Acessar')]'.</msg>
<arg>locator=${botao_Acessar}</arg>
<doc>Clicks the button identified by ``locator``.</doc>
<status status="PASS" start="2024-11-25T00:05:01.739564" elapsed="0.221201"/>
</kw>
<status status="PASS" start="2024-11-25T00:05:01.739564" elapsed="0.221201"/>
</kw>
<kw name="Verifica entrou na home" owner="keywords">
<kw name="Wait Until Element Is Enabled" owner="SeleniumLibrary">
<msg time="2024-11-25T00:05:07.050830" level="INFO" html="true">&lt;/td&gt;&lt;/tr&gt;&lt;tr&gt;&lt;td colspan="3"&gt;&lt;a href="screenshots/selenium-screenshot-4.png"&gt;&lt;img src="screenshots/selenium-screenshot-4.png" width="800px"&gt;&lt;/a&gt;</msg>
<msg time="2024-11-25T00:05:07.050830" level="FAIL">Element with locator '//div[contains(@class,'home__ContainerText-sc-1auj767-7 iDA-Ddb')]' not found.</msg>
<arg>locator=${Home_nome_user}</arg>
<doc>Waits until the element ``locator`` is enabled.</doc>
<status status="FAIL" start="2024-11-25T00:05:01.961766" elapsed="5.091059">Element with locator '//div[contains(@class,'home__ContainerText-sc-1auj767-7 iDA-Ddb')]' not found.</status>
</kw>
<status status="FAIL" start="2024-11-25T00:05:01.961766" elapsed="5.091059">Element with locator '//div[contains(@class,'home__ContainerText-sc-1auj767-7 iDA-Ddb')]' not found.</status>
</kw>
<kw name="Screenshot" owner="keywords">
<status status="NOT RUN" start="2024-11-25T00:05:07.052825" elapsed="0.000000"/>
</kw>
<tag>login_ok</tag>
<status status="FAIL" start="2024-11-25T00:04:55.364680" elapsed="11.688145">Element with locator '//div[contains(@class,'home__ContainerText-sc-1auj767-7 iDA-Ddb')]' not found.</status>
</test>
<status status="FAIL" start="2024-11-25T00:04:45.286236" elapsed="21.767590"/>
</suite>
<statistics>
<total>
<stat pass="1" fail="1" skip="0">All Tests</stat>
</total>
<tag>
<stat pass="1" fail="0" skip="0">login_nok</stat>
<stat pass="0" fail="1" skip="0">login_ok</stat>
</tag>
<suite>
<stat pass="1" fail="1" skip="0" id="s1" name="Bugbank Testes">Bugbank Testes</stat>
</suite>
</statistics>
<errors>
</errors>
</robot>
